2020-04-23 07:36:36 URL:http://ftpmaster.internal/ubuntu/dists/focal/InRelease [264892/264892] -> "/build/chroot/var/lib/apt/lists/partial/ftpmaster.internal_ubuntu_dists_focal_InRelease" [1]
gpgv: Signature made Thu Apr 23 07:26:31 2020 UTC
gpgv:                using RSA key 3B4FE6ACC0B21F32
gpgv: Good signature from "Ubuntu Archive Automatic Signing Key (2012) <ftpmaster@ubuntu.com>"
gpgv: Signature made Thu Apr 23 07:26:31 2020 UTC
gpgv:                using RSA key 871920D1991BC93C
gpgv: Good signature from "Ubuntu Archive Automatic Signing Key (2018) <ftpmaster@ubuntu.com>"
2020-04-23 07:36:39 URL:http://ftpmaster.internal/ubuntu/dists/focal/main/binary-armhf/by-hash/SHA256/fc136a9bfb2fd7eb31e0ca33b115be9e36a0dafb083eb744a384951661b087f5 [933512/933512] -> "/build/chroot/var/lib/apt/lists/partial/ftpmaster.internal_ubuntu_dists_focal_main_binary-armhf_Packages.xz" [1]
2020-04-23 07:36:40 URL:http://ftpmaster.internal/ubuntu/dists/focal/restricted/binary-armhf/by-hash/SHA256/bdb77b1928e2cce07f8ed4a8f56754efb586b15b63a22fec7228fde7dd1aeb92 [7044/7044] -> "/build/chroot/var/lib/apt/lists/partial/ftpmaster.internal_ubuntu_dists_focal_restricted_binary-armhf_Packages.xz" [1]
2020-04-23 07:36:43 URL:http://ftpmaster.internal/ubuntu/pool/main/a/adduser/adduser_3.118ubuntu2_all.deb [162792/162792] -> "/build/chroot//var/cache/apt/archives/partial/adduser_3.118ubuntu2_all.deb" [1]
2020-04-23 07:36:43 URL:http://ftpmaster.internal/ubuntu/pool/main/a/apt/apt_2.0.2_armhf.deb [1244296/1244296] -> "/build/chroot//var/cache/apt/archives/partial/apt_2.0.2_armhf.deb" [1]
2020-04-23 07:36:43 URL:http://ftpmaster.internal/ubuntu/pool/main/b/base-files/base-files_11ubuntu5_armhf.deb [59740/59740] -> "/build/chroot//var/cache/apt/archives/partial/base-files_11ubuntu5_armhf.deb" [1]
2020-04-23 07:36:44 URL:http://ftpmaster.internal/ubuntu/pool/main/b/base-passwd/base-passwd_3.5.47_armhf.deb [46428/46428] -> "/build/chroot//var/cache/apt/archives/partial/base-passwd_3.5.47_armhf.deb" [1]
2020-04-23 07:36:44 URL:http://ftpmaster.internal/ubuntu/pool/main/b/bash/bash_5.0-6ubuntu1_armhf.deb [576572/576572] -> "/build/chroot//var/cache/apt/archives/partial/bash_5.0-6ubuntu1_armhf.deb" [1]
2020-04-23 07:36:44 URL:http://ftpmaster.internal/ubuntu/pool/main/u/util-linux/bsdutils_2.34-0.1ubuntu9_armhf.deb [57928/57928] -> "/build/chroot//var/cache/apt/archives/partial/bsdutils_1%3a2.34-0.1ubuntu9_armhf.deb" [1]
2020-04-23 07:36:44 URL:http://ftpmaster.internal/ubuntu/pool/main/b/bzip2/bzip2_1.0.8-2_armhf.deb [32408/32408] -> "/build/chroot//var/cache/apt/archives/partial/bzip2_1.0.8-2_armhf.deb" [1]
2020-04-23 07:36:44 URL:http://ftpmaster.internal/ubuntu/pool/main/c/coreutils/coreutils_8.30-3ubuntu2_armhf.deb [1132416/1132416] -> "/build/chroot//var/cache/apt/archives/partial/coreutils_8.30-3ubuntu2_armhf.deb" [1]
2020-04-23 07:36:44 URL:http://ftpmaster.internal/ubuntu/pool/main/d/dash/dash_0.5.10.2-6_armhf.deb [78892/78892] -> "/build/chroot//var/cache/apt/archives/partial/dash_0.5.10.2-6_armhf.deb" [1]
2020-04-23 07:36:44 URL:http://ftpmaster.internal/ubuntu/pool/main/d/debconf/debconf_1.5.73_all.deb [121524/121524] -> "/build/chroot//var/cache/apt/archives/partial/debconf_1.5.73_all.deb" [1]
2020-04-23 07:36:44 URL:http://ftpmaster.internal/ubuntu/pool/main/d/debianutils/debianutils_4.9.1_armhf.deb [84624/84624] -> "/build/chroot//var/cache/apt/archives/partial/debianutils_4.9.1_armhf.deb" [1]
2020-04-23 07:36:44 URL:http://ftpmaster.internal/ubuntu/pool/main/d/diffutils/diffutils_3.7-3_armhf.deb [179612/179612] -> "/build/chroot//var/cache/apt/archives/partial/diffutils_1%3a3.7-3_armhf.deb" [1]
2020-04-23 07:36:44 URL:http://ftpmaster.internal/ubuntu/pool/main/d/dpkg/dpkg_1.19.7ubuntu3_armhf.deb [1083920/1083920] -> "/build/chroot//var/cache/apt/archives/partial/dpkg_1.19.7ubuntu3_armhf.deb" [1]
2020-04-23 07:36:44 URL:http://ftpmaster.internal/ubuntu/pool/main/e/e2fsprogs/e2fsprogs_1.45.5-2ubuntu1_armhf.deb [508332/508332] -> "/build/chroot//var/cache/apt/archives/partial/e2fsprogs_1.45.5-2ubuntu1_armhf.deb" [1]
2020-04-23 07:36:44 URL:http://ftpmaster.internal/ubuntu/pool/main/u/util-linux/fdisk_2.34-0.1ubuntu9_armhf.deb [108864/108864] -> "/build/chroot//var/cache/apt/archives/partial/fdisk_2.34-0.1ubuntu9_armhf.deb" [1]
2020-04-23 07:36:44 URL:http://ftpmaster.internal/ubuntu/pool/main/f/findutils/findutils_4.7.0-1ubuntu1_armhf.deb [307472/307472] -> "/build/chroot//var/cache/apt/archives/partial/findutils_4.7.0-1ubuntu1_armhf.deb" [1]
2020-04-23 07:36:44 URL:http://ftpmaster.internal/ubuntu/pool/main/g/gcc-10/gcc-10-base_10-20200411-0ubuntu1_armhf.deb [19028/19028] -> "/build/chroot//var/cache/apt/archives/partial/gcc-10-base_10-20200411-0ubuntu1_armhf.deb" [1]
2020-04-23 07:36:45 URL:http://ftpmaster.internal/ubuntu/pool/main/g/gnupg2/gpgv_2.2.19-3ubuntu2_armhf.deb [170176/170176] -> "/build/chroot//var/cache/apt/archives/partial/gpgv_2.2.19-3ubuntu2_armhf.deb" [1]
2020-04-23 07:36:45 URL:http://ftpmaster.internal/ubuntu/pool/main/g/grep/grep_3.4-1_armhf.deb [140732/140732] -> "/build/chroot//var/cache/apt/archives/partial/grep_3.4-1_armhf.deb" [1]
2020-04-23 07:36:45 URL:http://ftpmaster.internal/ubuntu/pool/main/g/gzip/gzip_1.10-0ubuntu4_armhf.deb [91080/91080] -> "/build/chroot//var/cache/apt/archives/partial/gzip_1.10-0ubuntu4_armhf.deb" [1]
2020-04-23 07:36:45 URL:http://ftpmaster.internal/ubuntu/pool/main/h/hostname/hostname_3.23_armhf.deb [10388/10388] -> "/build/chroot//var/cache/apt/archives/partial/hostname_3.23_armhf.deb" [1]
2020-04-23 07:36:45 URL:http://ftpmaster.internal/ubuntu/pool/main/i/init-system-helpers/init-system-helpers_1.57_all.deb [38260/38260] -> "/build/chroot//var/cache/apt/archives/partial/init-system-helpers_1.57_all.deb" [1]
2020-04-23 07:36:46 URL:http://ftpmaster.internal/ubuntu/pool/main/a/acl/libacl1_2.2.53-6_armhf.deb [15916/15916] -> "/build/chroot//var/cache/apt/archives/partial/libacl1_2.2.53-6_armhf.deb" [1]
2020-04-23 07:36:46 URL:http://ftpmaster.internal/ubuntu/pool/main/a/apt/libapt-pkg6.0_2.0.2_armhf.deb [752432/752432] -> "/build/chroot//var/cache/apt/archives/partial/libapt-pkg6.0_2.0.2_armhf.deb" [1]
2020-04-23 07:36:46 URL:http://ftpmaster.internal/ubuntu/pool/main/a/attr/libattr1_2.4.48-5_armhf.deb [11472/11472] -> "/build/chroot//var/cache/apt/archives/partial/libattr1_1%3a2.4.48-5_armhf.deb" [1]
2020-04-23 07:36:46 URL:http://ftpmaster.internal/ubuntu/pool/main/a/audit/libaudit-common_2.8.5-2ubuntu6_all.deb [3936/3936] -> "/build/chroot//var/cache/apt/archives/partial/libaudit-common_1%3a2.8.5-2ubuntu6_all.deb" [1]
2020-04-23 07:36:46 URL:http://ftpmaster.internal/ubuntu/pool/main/a/audit/libaudit1_2.8.5-2ubuntu6_armhf.deb [35780/35780] -> "/build/chroot//var/cache/apt/archives/partial/libaudit1_1%3a2.8.5-2ubuntu6_armhf.deb" [1]
2020-04-23 07:36:46 URL:http://ftpmaster.internal/ubuntu/pool/main/u/util-linux/libblkid1_2.34-0.1ubuntu9_armhf.deb [124056/124056] -> "/build/chroot//var/cache/apt/archives/partial/libblkid1_2.34-0.1ubuntu9_armhf.deb" [1]
2020-04-23 07:36:46 URL:http://ftpmaster.internal/ubuntu/pool/main/b/bzip2/libbz2-1.0_1.0.8-2_armhf.deb [31028/31028] -> "/build/chroot//var/cache/apt/archives/partial/libbz2-1.0_1.0.8-2_armhf.deb" [1]
2020-04-23 07:36:46 URL:http://ftpmaster.internal/ubuntu/pool/main/g/glibc/libc-bin_2.31-0ubuntu9_armhf.deb [493272/493272] -> "/build/chroot//var/cache/apt/archives/partial/libc-bin_2.31-0ubuntu9_armhf.deb" [1]
2020-04-23 07:36:47 URL:http://ftpmaster.internal/ubuntu/pool/main/g/glibc/libc6_2.31-0ubuntu9_armhf.deb [2135456/2135456] -> "/build/chroot//var/cache/apt/archives/partial/libc6_2.31-0ubuntu9_armhf.deb" [1]
2020-04-23 07:36:47 URL:http://ftpmaster.internal/ubuntu/pool/main/libc/libcap-ng/libcap-ng0_0.7.9-2.1build1_armhf.deb [9688/9688] -> "/build/chroot//var/cache/apt/archives/partial/libcap-ng0_0.7.9-2.1build1_armhf.deb" [1]
2020-04-23 07:36:47 URL:http://ftpmaster.internal/ubuntu/pool/main/e/e2fsprogs/libcom-err2_1.45.5-2ubuntu1_armhf.deb [8556/8556] -> "/build/chroot//var/cache/apt/archives/partial/libcom-err2_1.45.5-2ubuntu1_armhf.deb" [1]
2020-04-23 07:36:47 URL:http://ftpmaster.internal/ubuntu/pool/main/libx/libxcrypt/libcrypt1_4.4.10-10ubuntu4_armhf.deb [93460/93460] -> "/build/chroot//var/cache/apt/archives/partial/libcrypt1_1%3a4.4.10-10ubuntu4_armhf.deb" [1]
2020-04-23 07:36:48 URL:http://ftpmaster.internal/ubuntu/pool/main/d/db5.3/libdb5.3_5.3.28+dfsg1-0.6ubuntu2_armhf.deb [596848/596848] -> "/build/chroot//var/cache/apt/archives/partial/libdb5.3_5.3.28+dfsg1-0.6ubuntu2_armhf.deb" [1]
2020-04-23 07:36:48 URL:http://ftpmaster.internal/ubuntu/pool/main/c/cdebconf/libdebconfclient0_0.251ubuntu1_armhf.deb [5592/5592] -> "/build/chroot//var/cache/apt/archives/partial/libdebconfclient0_0.251ubuntu1_armhf.deb" [1]
2020-04-23 07:36:48 URL:http://ftpmaster.internal/ubuntu/pool/main/e/e2fsprogs/libext2fs2_1.45.5-2ubuntu1_armhf.deb [169812/169812] -> "/build/chroot//var/cache/apt/archives/partial/libext2fs2_1.45.5-2ubuntu1_armhf.deb" [1]
2020-04-23 07:36:48 URL:http://ftpmaster.internal/ubuntu/pool/main/u/util-linux/libfdisk1_2.34-0.1ubuntu9_armhf.deb [162688/162688] -> "/build/chroot//var/cache/apt/archives/partial/libfdisk1_2.34-0.1ubuntu9_armhf.deb" [1]
2020-04-23 07:36:48 URL:http://ftpmaster.internal/ubuntu/pool/main/libf/libffi/libffi7_3.3-4_armhf.deb [16512/16512] -> "/build/chroot//var/cache/apt/archives/partial/libffi7_3.3-4_armhf.deb" [1]
2020-04-23 07:36:48 URL:http://ftpmaster.internal/ubuntu/pool/main/g/gcc-10/libgcc-s1_10-20200411-0ubuntu1_armhf.deb [36188/36188] -> "/build/chroot//var/cache/apt/archives/partial/libgcc-s1_10-20200411-0ubuntu1_armhf.deb" [1]
2020-04-23 07:36:48 URL:http://ftpmaster.internal/ubuntu/pool/main/libg/libgcrypt20/libgcrypt20_1.8.5-5ubuntu1_armhf.deb [364884/364884] -> "/build/chroot//var/cache/apt/archives/partial/libgcrypt20_1.8.5-5ubuntu1_armhf.deb" [1]
2020-04-23 07:36:48 URL:http://ftpmaster.internal/ubuntu/pool/main/g/gmp/libgmp10_6.2.0+dfsg-4_armhf.deb [192752/192752] -> "/build/chroot//var/cache/apt/archives/partial/libgmp10_2%3a6.2.0+dfsg-4_armhf.deb" [1]
2020-04-23 07:36:48 URL:http://ftpmaster.internal/ubuntu/pool/main/g/gnutls28/libgnutls30_3.6.13-2ubuntu1_armhf.deb [767100/767100] -> "/build/chroot//var/cache/apt/archives/partial/libgnutls30_3.6.13-2ubuntu1_armhf.deb" [1]
2020-04-23 07:36:48 URL:http://ftpmaster.internal/ubuntu/pool/main/libg/libgpg-error/libgpg-error0_1.37-1_armhf.deb [50020/50020] -> "/build/chroot//var/cache/apt/archives/partial/libgpg-error0_1.37-1_armhf.deb" [1]
2020-04-23 07:36:48 URL:http://ftpmaster.internal/ubuntu/pool/main/n/nettle/libhogweed5_3.5.1+really3.5.1-2_armhf.deb [126876/126876] -> "/build/chroot//var/cache/apt/archives/partial/libhogweed5_3.5.1+really3.5.1-2_armhf.deb" [1]
2020-04-23 07:36:48 URL:http://ftpmaster.internal/ubuntu/pool/main/libi/libidn2/libidn2-0_2.2.0-2_armhf.deb [47716/47716] -> "/build/chroot//var/cache/apt/archives/partial/libidn2-0_2.2.0-2_armhf.deb" [1]
2020-04-23 07:36:48 URL:http://ftpmaster.internal/ubuntu/pool/main/l/lz4/liblz4-1_1.9.2-2_armhf.deb [51728/51728] -> "/build/chroot//var/cache/apt/archives/partial/liblz4-1_1.9.2-2_armhf.deb" [1]
2020-04-23 07:36:48 URL:http://ftpmaster.internal/ubuntu/pool/main/x/xz-utils/liblzma5_5.2.4-1_armhf.deb [84584/84584] -> "/build/chroot//var/cache/apt/archives/partial/liblzma5_5.2.4-1_armhf.deb" [1]
2020-04-23 07:36:49 URL:http://ftpmaster.internal/ubuntu/pool/main/u/util-linux/libmount1_2.34-0.1ubuntu9_armhf.deb [135268/135268] -> "/build/chroot//var/cache/apt/archives/partial/libmount1_2.34-0.1ubuntu9_armhf.deb" [1]
2020-04-23 07:36:49 URL:http://ftpmaster.internal/ubuntu/pool/main/n/ncurses/libncurses6_6.2-0ubuntu2_armhf.deb [79720/79720] -> "/build/chroot//var/cache/apt/archives/partial/libncurses6_6.2-0ubuntu2_armhf.deb" [1]
2020-04-23 07:36:49 URL:http://ftpmaster.internal/ubuntu/pool/main/n/ncurses/libncursesw6_6.2-0ubuntu2_armhf.deb [106036/106036] -> "/build/chroot//var/cache/apt/archives/partial/libncursesw6_6.2-0ubuntu2_armhf.deb" [1]
2020-04-23 07:36:49 URL:http://ftpmaster.internal/ubuntu/pool/main/n/nettle/libnettle7_3.5.1+really3.5.1-2_armhf.deb [126384/126384] -> "/build/chroot//var/cache/apt/archives/partial/libnettle7_3.5.1+really3.5.1-2_armhf.deb" [1]
2020-04-23 07:36:49 URL:http://ftpmaster.internal/ubuntu/pool/main/p/p11-kit/libp11-kit0_0.23.20-1build1_armhf.deb [167236/167236] -> "/build/chroot//var/cache/apt/archives/partial/libp11-kit0_0.23.20-1build1_armhf.deb" [1]
2020-04-23 07:36:49 URL:http://ftpmaster.internal/ubuntu/pool/main/p/pam/libpam-modules_1.3.1-5ubuntu4_armhf.deb [231828/231828] -> "/build/chroot//var/cache/apt/archives/partial/libpam-modules_1.3.1-5ubuntu4_armhf.deb" [1]
2020-04-23 07:36:49 URL:http://ftpmaster.internal/ubuntu/pool/main/p/pam/libpam-modules-bin_1.3.1-5ubuntu4_armhf.deb [33812/33812] -> "/build/chroot//var/cache/apt/archives/partial/libpam-modules-bin_1.3.1-5ubuntu4_armhf.deb" [1]
2020-04-23 07:36:49 URL:http://ftpmaster.internal/ubuntu/pool/main/p/pam/libpam-runtime_1.3.1-5ubuntu4_all.deb [37268/37268] -> "/build/chroot//var/cache/apt/archives/partial/libpam-runtime_1.3.1-5ubuntu4_all.deb" [1]
2020-04-23 07:36:49 URL:http://ftpmaster.internal/ubuntu/pool/main/p/pam/libpam0g_1.3.1-5ubuntu4_armhf.deb [49628/49628] -> "/build/chroot//var/cache/apt/archives/partial/libpam0g_1.3.1-5ubuntu4_armhf.deb" [1]
2020-04-23 07:36:49 URL:http://ftpmaster.internal/ubuntu/pool/main/p/pcre2/libpcre2-8-0_10.34-7_armhf.deb [172440/172440] -> "/build/chroot//var/cache/apt/archives/partial/libpcre2-8-0_10.34-7_armhf.deb" [1]
2020-04-23 07:36:49 URL:http://ftpmaster.internal/ubuntu/pool/main/p/pcre3/libpcre3_8.39-12build1_armhf.deb [212128/212128] -> "/build/chroot//var/cache/apt/archives/partial/libpcre3_2%3a8.39-12build1_armhf.deb" [1]
2020-04-23 07:36:49 URL:http://ftpmaster.internal/ubuntu/pool/main/p/procps/libprocps8_3.3.16-1ubuntu2_armhf.deb [29884/29884] -> "/build/chroot//var/cache/apt/archives/partial/libprocps8_2%3a3.3.16-1ubuntu2_armhf.deb" [1]
2020-04-23 07:36:49 URL:http://ftpmaster.internal/ubuntu/pool/main/libs/libseccomp/libseccomp2_2.4.3-1ubuntu1_armhf.deb [32468/32468] -> "/build/chroot//var/cache/apt/archives/partial/libseccomp2_2.4.3-1ubuntu1_armhf.deb" [1]
2020-04-23 07:36:49 URL:http://ftpmaster.internal/ubuntu/pool/main/libs/libselinux/libselinux1_3.0-1build2_armhf.deb [60112/60112] -> "/build/chroot//var/cache/apt/archives/partial/libselinux1_3.0-1build2_armhf.deb" [1]
2020-04-23 07:36:49 URL:http://ftpmaster.internal/ubuntu/pool/main/libs/libsemanage/libsemanage-common_3.0-1build2_all.deb [9792/9792] -> "/build/chroot//var/cache/apt/archives/partial/libsemanage-common_3.0-1build2_all.deb" [1]
2020-04-23 07:36:49 URL:http://ftpmaster.internal/ubuntu/pool/main/libs/libsemanage/libsemanage1_3.0-1build2_armhf.deb [74124/74124] -> "/build/chroot//var/cache/apt/archives/partial/libsemanage1_3.0-1build2_armhf.deb" [1]
2020-04-23 07:36:49 URL:http://ftpmaster.internal/ubuntu/pool/main/libs/libsepol/libsepol1_3.0-1_armhf.deb [220424/220424] -> "/build/chroot//var/cache/apt/archives/partial/libsepol1_3.0-1_armhf.deb" [1]
2020-04-23 07:36:49 URL:http://ftpmaster.internal/ubuntu/pool/main/u/util-linux/libsmartcols1_2.34-0.1ubuntu9_armhf.deb [88512/88512] -> "/build/chroot//var/cache/apt/archives/partial/libsmartcols1_2.34-0.1ubuntu9_armhf.deb" [1]
2020-04-23 07:36:50 URL:http://ftpmaster.internal/ubuntu/pool/main/e/e2fsprogs/libss2_1.45.5-2ubuntu1_armhf.deb [9400/9400] -> "/build/chroot//var/cache/apt/archives/partial/libss2_1.45.5-2ubuntu1_armhf.deb" [1]
2020-04-23 07:36:50 URL:http://ftpmaster.internal/ubuntu/pool/main/g/gcc-10/libstdc++6_10-20200411-0ubuntu1_armhf.deb [440052/440052] -> "/build/chroot//var/cache/apt/archives/partial/libstdc++6_10-20200411-0ubuntu1_armhf.deb" [1]
2020-04-23 07:36:50 URL:http://ftpmaster.internal/ubuntu/pool/main/s/systemd/libsystemd0_245.4-4ubuntu3_armhf.deb [249204/249204] -> "/build/chroot//var/cache/apt/archives/partial/libsystemd0_245.4-4ubuntu3_armhf.deb" [1]
2020-04-23 07:36:50 URL:http://ftpmaster.internal/ubuntu/pool/main/libt/libtasn1-6/libtasn1-6_4.16.0-2_armhf.deb [33116/33116] -> "/build/chroot//var/cache/apt/archives/partial/libtasn1-6_4.16.0-2_armhf.deb" [1]
2020-04-23 07:36:50 URL:http://ftpmaster.internal/ubuntu/pool/main/n/ncurses/libtinfo6_6.2-0ubuntu2_armhf.deb [73824/73824] -> "/build/chroot//var/cache/apt/archives/partial/libtinfo6_6.2-0ubuntu2_armhf.deb" [1]
2020-04-23 07:36:50 URL:http://ftpmaster.internal/ubuntu/pool/main/s/systemd/libudev1_245.4-4ubuntu3_armhf.deb [70860/70860] -> "/build/chroot//var/cache/apt/archives/partial/libudev1_245.4-4ubuntu3_armhf.deb" [1]
2020-04-23 07:36:50 URL:http://ftpmaster.internal/ubuntu/pool/main/libu/libunistring/libunistring2_0.9.10-2_armhf.deb [364244/364244] -> "/build/chroot//var/cache/apt/archives/partial/libunistring2_0.9.10-2_armhf.deb" [1]
2020-04-23 07:36:50 URL:http://ftpmaster.internal/ubuntu/pool/main/u/util-linux/libuuid1_2.34-0.1ubuntu9_armhf.deb [19372/19372] -> "/build/chroot//var/cache/apt/archives/partial/libuuid1_2.34-0.1ubuntu9_armhf.deb" [1]
2020-04-23 07:36:50 URL:http://ftpmaster.internal/ubuntu/pool/main/libz/libzstd/libzstd1_1.4.4+dfsg-3_armhf.deb [207284/207284] -> "/build/chroot//var/cache/apt/archives/partial/libzstd1_1.4.4+dfsg-3_armhf.deb" [1]
2020-04-23 07:36:50 URL:http://ftpmaster.internal/ubuntu/pool/main/s/shadow/login_4.8.1-1ubuntu5_armhf.deb [217572/217572] -> "/build/chroot//var/cache/apt/archives/partial/login_1%3a4.8.1-1ubuntu5_armhf.deb" [1]
2020-04-23 07:36:50 URL:http://ftpmaster.internal/ubuntu/pool/main/e/e2fsprogs/logsave_1.45.5-2ubuntu1_armhf.deb [9568/9568] -> "/build/chroot//var/cache/apt/archives/partial/logsave_1.45.5-2ubuntu1_armhf.deb" [1]
2020-04-23 07:36:50 URL:http://ftpmaster.internal/ubuntu/pool/main/l/lsb/lsb-base_11.1.0ubuntu2_all.deb [12076/12076] -> "/build/chroot//var/cache/apt/archives/partial/lsb-base_11.1.0ubuntu2_all.deb" [1]
2020-04-23 07:36:50 URL:http://ftpmaster.internal/ubuntu/pool/main/m/mawk/mawk_1.3.4.20200120-2_armhf.deb [85144/85144] -> "/build/chroot//var/cache/apt/archives/partial/mawk_1.3.4.20200120-2_armhf.deb" [1]
2020-04-23 07:36:50 URL:http://ftpmaster.internal/ubuntu/pool/main/u/util-linux/mount_2.34-0.1ubuntu9_armhf.deb [107996/107996] -> "/build/chroot//var/cache/apt/archives/partial/mount_2.34-0.1ubuntu9_armhf.deb" [1]
2020-04-23 07:36:50 URL:http://ftpmaster.internal/ubuntu/pool/main/n/ncurses/ncurses-base_6.2-0ubuntu2_all.deb [18692/18692] -> "/build/chroot//var/cache/apt/archives/partial/ncurses-base_6.2-0ubuntu2_all.deb" [1]
2020-04-23 07:36:50 URL:http://ftpmaster.internal/ubuntu/pool/main/n/ncurses/ncurses-bin_6.2-0ubuntu2_armhf.deb [164108/164108] -> "/build/chroot//var/cache/apt/archives/partial/ncurses-bin_6.2-0ubuntu2_armhf.deb" [1]
2020-04-23 07:36:50 URL:http://ftpmaster.internal/ubuntu/pool/main/s/shadow/passwd_4.8.1-1ubuntu5_armhf.deb [749756/749756] -> "/build/chroot//var/cache/apt/archives/partial/passwd_1%3a4.8.1-1ubuntu5_armhf.deb" [1]
2020-04-23 07:36:51 URL:http://ftpmaster.internal/ubuntu/pool/main/p/perl/perl-base_5.30.0-9build1_armhf.deb [1407256/1407256] -> "/build/chroot//var/cache/apt/archives/partial/perl-base_5.30.0-9build1_armhf.deb" [1]
2020-04-23 07:36:51 URL:http://ftpmaster.internal/ubuntu/pool/main/p/procps/procps_3.3.16-1ubuntu2_armhf.deb [221860/221860] -> "/build/chroot//var/cache/apt/archives/partial/procps_2%3a3.3.16-1ubuntu2_armhf.deb" [1]
2020-04-23 07:36:51 URL:http://ftpmaster.internal/ubuntu/pool/main/s/sed/sed_4.7-1_armhf.deb [181412/181412] -> "/build/chroot//var/cache/apt/archives/partial/sed_4.7-1_armhf.deb" [1]
2020-04-23 07:36:51 URL:http://ftpmaster.internal/ubuntu/pool/main/s/sensible-utils/sensible-utils_0.0.12+nmu1_all.deb [15016/15016] -> "/build/chroot//var/cache/apt/archives/partial/sensible-utils_0.0.12+nmu1_all.deb" [1]
2020-04-23 07:36:51 URL:http://ftpmaster.internal/ubuntu/pool/main/s/sysvinit/sysvinit-utils_2.96-2.1ubuntu1_armhf.deb [19112/19112] -> "/build/chroot//var/cache/apt/archives/partial/sysvinit-utils_2.96-2.1ubuntu1_armhf.deb" [1]
2020-04-23 07:36:51 URL:http://ftpmaster.internal/ubuntu/pool/main/t/tar/tar_1.30+dfsg-7_armhf.deb [217396/217396] -> "/build/chroot//var/cache/apt/archives/partial/tar_1.30+dfsg-7_armhf.deb" [1]
2020-04-23 07:36:51 URL:http://ftpmaster.internal/ubuntu/pool/main/u/ubuntu-keyring/ubuntu-keyring_2020.02.11.2_all.deb [22244/22244] -> "/build/chroot//var/cache/apt/archives/partial/ubuntu-keyring_2020.02.11.2_all.deb" [1]
2020-04-23 07:36:51 URL:http://ftpmaster.internal/ubuntu/pool/main/u/util-linux/util-linux_2.34-0.1ubuntu9_armhf.deb [957300/957300] -> "/build/chroot//var/cache/apt/archives/partial/util-linux_2.34-0.1ubuntu9_armhf.deb" [1]
2020-04-23 07:36:51 URL:http://ftpmaster.internal/ubuntu/pool/main/z/zlib/zlib1g_1.2.11.dfsg-2ubuntu1_armhf.deb [48720/48720] -> "/build/chroot//var/cache/apt/archives/partial/zlib1g_1%3a1.2.11.dfsg-2ubuntu1_armhf.deb" [1]
gpgv: Signature made Thu Apr 23 07:26:31 2020 UTC
gpgv:                using RSA key 3B4FE6ACC0B21F32
gpgv: Good signature from "Ubuntu Archive Automatic Signing Key (2012) <ftpmaster@ubuntu.com>"
gpgv: Signature made Thu Apr 23 07:26:31 2020 UTC
gpgv:                using RSA key 871920D1991BC93C
gpgv: Good signature from "Ubuntu Archive Automatic Signing Key (2018) <ftpmaster@ubuntu.com>"
dpkg: warning: parsing file '/var/lib/dpkg/status' near line 5 package 'dpkg':
 missing 'Description' field
dpkg: warning: parsing file '/var/lib/dpkg/status' near line 5 package 'dpkg':
 missing 'Architecture' field
Selecting previously unselected package base-passwd.
(Reading database ... 0 files and directories currently installed.)
Preparing to unpack .../base-passwd_3.5.47_armhf.deb ...
Unpacking base-passwd (3.5.47) ...
dpkg: base-passwd: dependency problems, but configuring anyway as you requested:
 base-passwd depends on libc6 (>= 2.8); however:
  Package libc6 is not installed.
 base-passwd depends on libdebconfclient0 (>= 0.145); however:
  Package libdebconfclient0 is not installed.

Setting up base-passwd (3.5.47) ...
dpkg: warning: parsing file '/var/lib/dpkg/status' near line 24 package 'dpkg':
 missing 'Description' field
dpkg: warning: parsing file '/var/lib/dpkg/status' near line 24 package 'dpkg':
 missing 'Architecture' field
Selecting previously unselected package base-files.
dpkg: regarding .../base-files_11ubuntu5_armhf.deb containing base-files, pre-dependency problem:
 base-files pre-depends on awk
  awk is not installed.

dpkg: warning: ignoring pre-dependency problem!
(Reading database ... 41 files and directories currently installed.)
Preparing to unpack .../base-files_11ubuntu5_armhf.deb ...
Unpacking base-files (11ubuntu5) ...
dpkg: base-files: dependency problems, but configuring anyway as you requested:
 base-files depends on awk; however:
  Package awk is not installed.
 base-files depends on libc6 (>= 2.4); however:
  Package libc6 is not installed.
 base-files depends on libcrypt1 (>= 1:4.4.10-10ubuntu3); however:
  Package libcrypt1 is not installed.

Setting up base-files (11ubuntu5) ...
dpkg: warning: parsing file '/var/lib/dpkg/status' near line 60 package 'dpkg':
 missing 'Description' field
dpkg: warning: parsing file '/var/lib/dpkg/status' near line 60 package 'dpkg':
 missing 'Architecture' field
dpkg: regarding .../dpkg_1.19.7ubuntu3_armhf.deb containing dpkg, pre-dependency problem:
 dpkg pre-depends on libbz2-1.0
  libbz2-1.0 is not installed.

dpkg: warning: ignoring pre-dependency problem!
dpkg: regarding .../dpkg_1.19.7ubuntu3_armhf.deb containing dpkg, pre-dependency problem:
 dpkg pre-depends on libc6 (>= 2.28)
  libc6 is not installed.

dpkg: warning: ignoring pre-dependency problem!
dpkg: regarding .../dpkg_1.19.7ubuntu3_armhf.deb containing dpkg, pre-dependency problem:
 dpkg pre-depends on liblzma5 (>= 5.2.2)
  liblzma5 is not installed.

dpkg: warning: ignoring pre-dependency problem!
dpkg: regarding .../dpkg_1.19.7ubuntu3_armhf.deb containing dpkg, pre-dependency problem:
 dpkg pre-depends on libselinux1 (>= 2.3)
  libselinux1 is not installed.

dpkg: warning: ignoring pre-dependency problem!
dpkg: regarding .../dpkg_1.19.7ubuntu3_armhf.deb containing dpkg, pre-dependency problem:
 dpkg pre-depends on libzstd1 (>= 1.3.2)
  libzstd1 is not installed.

dpkg: warning: ignoring pre-dependency problem!
dpkg: regarding .../dpkg_1.19.7ubuntu3_armhf.deb containing dpkg, pre-dependency problem:
 dpkg pre-depends on zlib1g (>= 1:1.1.4)
  zlib1g is not installed.

dpkg: warning: ignoring pre-dependency problem!
(Reading database ... 134 files and directories currently installed.)
Preparing to unpack .../dpkg_1.19.7ubuntu3_armhf.deb ...
Unpacking dpkg (1.19.7ubuntu3) over (1.19.7ubuntu3) ...
dpkg: dpkg: dependency problems, but configuring anyway as you requested:
 dpkg depends on libbz2-1.0; however:
  Package libbz2-1.0 is not installed.
 dpkg depends on libc6 (>= 2.28); however:
  Package libc6 is not installed.
 dpkg depends on liblzma5 (>= 5.2.2); however:
  Package liblzma5 is not installed.
 dpkg depends on libselinux1 (>= 2.3); however:
  Package libselinux1 is not installed.
 dpkg depends on libzstd1 (>= 1.3.2); however:
  Package libzstd1 is not installed.
 dpkg depends on zlib1g (>= 1:1.1.4); however:
  Package zlib1g is not installed.
 dpkg depends on tar (>= 1.28-1); however:
  Package tar is not installed.

Setting up dpkg (1.19.7ubuntu3) ...
Selecting previously unselected package libc6:armhf.
(Reading database ... 376 files and directories currently installed.)
Preparing to unpack .../libc6_2.31-0ubuntu9_armhf.deb ...
Unpacking libc6:armhf (2.31-0ubuntu9) ...
dpkg: libc6:armhf: dependency problems, but configuring anyway as you requested:
 libc6:armhf depends on libgcc-s1; however:
  Package libgcc-s1 is not installed.
 libc6:armhf depends on libcrypt1 (>= 1:4.4.10-10ubuntu4); however:
  Package libcrypt1 is not installed.

Setting up libc6:armhf (2.31-0ubuntu9) ...
Selecting previously unselected package perl-base.
dpkg: regarding .../perl-base_5.30.0-9build1_armhf.deb containing perl-base, pre-dependency problem:
 perl-base pre-depends on libcrypt1 (>= 1:4.1.0)
  libcrypt1 is not installed.

dpkg: warning: ignoring pre-dependency problem!
(Reading database ... 687 files and directories currently installed.)
Preparing to unpack .../perl-base_5.30.0-9build1_armhf.deb ...
Unpacking perl-base (5.30.0-9build1) ...
dpkg: perl-base: dependency problems, but configuring anyway as you requested:
 perl-base depends on libcrypt1 (>= 1:4.1.0); however:
  Package libcrypt1 is not installed.

Setting up perl-base (5.30.0-9build1) ...
Selecting previously unselected package mawk.
(Reading database ... 1381 files and directories currently installed.)
Preparing to unpack .../mawk_1.3.4.20200120-2_armhf.deb ...
Unpacking mawk (1.3.4.20200120-2) ...
Setting up mawk (1.3.4.20200120-2) ...
(Reading database ... 1399 files and directories currently installed.)
Preparing to unpack .../base-files_11ubuntu5_armhf.deb ...
Unpacking base-files (11ubuntu5) over (11ubuntu5) ...
Preparing to unpack .../base-passwd_3.5.47_armhf.deb ...
Unpacking base-passwd (3.5.47) over (3.5.47) ...
Selecting previously unselected package bash.
dpkg: regarding .../bash_5.0-6ubuntu1_armhf.deb containing bash, pre-dependency problem:
 bash pre-depends on libtinfo6 (>= 6)
  libtinfo6 is not installed.

dpkg: warning: ignoring pre-dependency problem!
Preparing to unpack .../bash_5.0-6ubuntu1_armhf.deb ...
Unpacking bash (5.0-6ubuntu1) ...
Selecting previously unselected package bsdutils.
dpkg: regarding .../bsdutils_1%3a2.34-0.1ubuntu9_armhf.deb containing bsdutils, pre-dependency problem:
 bsdutils pre-depends on libsystemd0
  libsystemd0 is not installed.

dpkg: warning: ignoring pre-dependency problem!
Preparing to unpack .../bsdutils_1%3a2.34-0.1ubuntu9_armhf.deb ...
Unpacking bsdutils (1:2.34-0.1ubuntu9) ...
Selecting previously unselected package coreutils.
dpkg: regarding .../coreutils_8.30-3ubuntu2_armhf.deb containing coreutils, pre-dependency problem:
 coreutils pre-depends on libacl1 (>= 2.2.23)
  libacl1 is not installed.

dpkg: warning: ignoring pre-dependency problem!
dpkg: regarding .../coreutils_8.30-3ubuntu2_armhf.deb containing coreutils, pre-dependency problem:
 coreutils pre-depends on libattr1 (>= 1:2.4.44)
  libattr1 is not installed.

dpkg: warning: ignoring pre-dependency problem!
dpkg: regarding .../coreutils_8.30-3ubuntu2_armhf.deb containing coreutils, pre-dependency problem:
 coreutils pre-depends on libselinux1 (>= 2.1.13)
  libselinux1 is not installed.

dpkg: warning: ignoring pre-dependency problem!
Preparing to unpack .../coreutils_8.30-3ubuntu2_armhf.deb ...
Unpacking coreutils (8.30-3ubuntu2) ...
Selecting previously unselected package dash.
Preparing to unpack .../dash_0.5.10.2-6_armhf.deb ...
Unpacking dash (0.5.10.2-6) ...
Selecting previously unselected package debconf.
Preparing to unpack .../debconf_1.5.73_all.deb ...
Unpacking debconf (1.5.73) ...
Selecting previously unselected package debianutils.
Preparing to unpack .../debianutils_4.9.1_armhf.deb ...
Unpacking debianutils (4.9.1) ...
Selecting previously unselected package diffutils.
Preparing to unpack .../diffutils_1%3a3.7-3_armhf.deb ...
Unpacking diffutils (1:3.7-3) ...
dpkg: regarding .../dpkg_1.19.7ubuntu3_armhf.deb containing dpkg, pre-dependency problem:
 dpkg pre-depends on libbz2-1.0
  libbz2-1.0 is not installed.

dpkg: warning: ignoring pre-dependency problem!
dpkg: regarding .../dpkg_1.19.7ubuntu3_armhf.deb containing dpkg, pre-dependency problem:
 dpkg pre-depends on liblzma5 (>= 5.2.2)
  liblzma5 is not installed.

dpkg: warning: ignoring pre-dependency problem!
dpkg: regarding .../dpkg_1.19.7ubuntu3_armhf.deb containing dpkg, pre-dependency problem:
 dpkg pre-depends on libselinux1 (>= 2.3)
  libselinux1 is not installed.

dpkg: warning: ignoring pre-dependency problem!
dpkg: regarding .../dpkg_1.19.7ubuntu3_armhf.deb containing dpkg, pre-dependency problem:
 dpkg pre-depends on libzstd1 (>= 1.3.2)
  libzstd1 is not installed.

dpkg: warning: ignoring pre-dependency problem!
dpkg: regarding .../dpkg_1.19.7ubuntu3_armhf.deb containing dpkg, pre-dependency problem:
 dpkg pre-depends on zlib1g (>= 1:1.1.4)
  zlib1g is not installed.

dpkg: warning: ignoring pre-dependency problem!
Preparing to unpack .../dpkg_1.19.7ubuntu3_armhf.deb ...
Unpacking dpkg (1.19.7ubuntu3) over (1.19.7ubuntu3) ...
Selecting previously unselected package e2fsprogs.
dpkg: regarding .../e2fsprogs_1.45.5-2ubuntu1_armhf.deb containing e2fsprogs, pre-dependency problem:
 e2fsprogs pre-depends on libblkid1 (>= 2.17.2)
  libblkid1 is not installed.

dpkg: warning: ignoring pre-dependency problem!
dpkg: regarding .../e2fsprogs_1.45.5-2ubuntu1_armhf.deb containing e2fsprogs, pre-dependency problem:
 e2fsprogs pre-depends on libcom-err2 (>= 1.43.9)
  libcom-err2 is not installed.

dpkg: warning: ignoring pre-dependency problem!
dpkg: regarding .../e2fsprogs_1.45.5-2ubuntu1_armhf.deb containing e2fsprogs, pre-dependency problem:
 e2fsprogs pre-depends on libext2fs2 (= 1.45.5-2ubuntu1)
  libext2fs2 is not installed.

dpkg: warning: ignoring pre-dependency problem!
dpkg: regarding .../e2fsprogs_1.45.5-2ubuntu1_armhf.deb containing e2fsprogs, pre-dependency problem:
 e2fsprogs pre-depends on libss2 (>= 1.38)
  libss2 is not installed.

dpkg: warning: ignoring pre-dependency problem!
dpkg: regarding .../e2fsprogs_1.45.5-2ubuntu1_armhf.deb containing e2fsprogs, pre-dependency problem:
 e2fsprogs pre-depends on libuuid1 (>= 2.16)
  libuuid1 is not installed.

dpkg: warning: ignoring pre-dependency problem!
Preparing to unpack .../e2fsprogs_1.45.5-2ubuntu1_armhf.deb ...
Unpacking e2fsprogs (1.45.5-2ubuntu1) ...
Selecting previously unselected package fdisk.
Preparing to unpack .../fdisk_2.34-0.1ubuntu9_armhf.deb ...
Unpacking fdisk (2.34-0.1ubuntu9) ...
Selecting previously unselected package findutils.
dpkg: regarding .../findutils_4.7.0-1ubuntu1_armhf.deb containing findutils, pre-dependency problem:
 findutils pre-depends on libselinux1 (>= 1.32)
  libselinux1 is not installed.

dpkg: warning: ignoring pre-dependency problem!
Preparing to unpack .../findutils_4.7.0-1ubuntu1_armhf.deb ...
Unpacking findutils (4.7.0-1ubuntu1) ...
Selecting previously unselected package gcc-10-base:armhf.
Preparing to unpack .../gcc-10-base_10-20200411-0ubuntu1_armhf.deb ...
Unpacking gcc-10-base:armhf (10-20200411-0ubuntu1) ...
Selecting previously unselected package grep.
dpkg: regarding .../archives/grep_3.4-1_armhf.deb containing grep, pre-dependency problem:
 grep pre-depends on libpcre3
  libpcre3 is not installed.

dpkg: warning: ignoring pre-dependency problem!
Preparing to unpack .../archives/grep_3.4-1_armhf.deb ...
Unpacking grep (3.4-1) ...
Selecting previously unselected package gzip.
Preparing to unpack .../gzip_1.10-0ubuntu4_armhf.deb ...
Unpacking gzip (1.10-0ubuntu4) ...
Selecting previously unselected package hostname.
Preparing to unpack .../hostname_3.23_armhf.deb ...
Unpacking hostname (3.23) ...
Selecting previously unselected package init-system-helpers.
Preparing to unpack .../init-system-helpers_1.57_all.deb ...
Unpacking init-system-helpers (1.57) ...
Selecting previously unselected package libacl1:armhf.
Preparing to unpack .../libacl1_2.2.53-6_armhf.deb ...
Unpacking libacl1:armhf (2.2.53-6) ...
Selecting previously unselected package libattr1:armhf.
Preparing to unpack .../libattr1_1%3a2.4.48-5_armhf.deb ...
Unpacking libattr1:armhf (1:2.4.48-5) ...
Selecting previously unselected package libaudit-common.
Preparing to unpack .../libaudit-common_1%3a2.8.5-2ubuntu6_all.deb ...
Unpacking libaudit-common (1:2.8.5-2ubuntu6) ...
Selecting previously unselected package libaudit1:armhf.
Preparing to unpack .../libaudit1_1%3a2.8.5-2ubuntu6_armhf.deb ...
Unpacking libaudit1:armhf (1:2.8.5-2ubuntu6) ...
Selecting previously unselected package libblkid1:armhf.
Preparing to unpack .../libblkid1_2.34-0.1ubuntu9_armhf.deb ...
Unpacking libblkid1:armhf (2.34-0.1ubuntu9) ...
Selecting previously unselected package libbz2-1.0:armhf.
Preparing to unpack .../libbz2-1.0_1.0.8-2_armhf.deb ...
Unpacking libbz2-1.0:armhf (1.0.8-2) ...
Selecting previously unselected package libc-bin.
Preparing to unpack .../libc-bin_2.31-0ubuntu9_armhf.deb ...
Unpacking libc-bin (2.31-0ubuntu9) ...
Preparing to unpack .../libc6_2.31-0ubuntu9_armhf.deb ...
Unpacking libc6:armhf (2.31-0ubuntu9) over (2.31-0ubuntu9) ...
Selecting previously unselected package libcap-ng0:armhf.
Preparing to unpack .../libcap-ng0_0.7.9-2.1build1_armhf.deb ...
Unpacking libcap-ng0:armhf (0.7.9-2.1build1) ...
Selecting previously unselected package libcom-err2:armhf.
Preparing to unpack .../libcom-err2_1.45.5-2ubuntu1_armhf.deb ...
Unpacking libcom-err2:armhf (1.45.5-2ubuntu1) ...
Selecting previously unselected package libcrypt1:armhf.
Preparing to unpack .../libcrypt1_1%3a4.4.10-10ubuntu4_armhf.deb ...
Unpacking libcrypt1:armhf (1:4.4.10-10ubuntu4) ...
Selecting previously unselected package libdb5.3:armhf.
Preparing to unpack .../libdb5.3_5.3.28+dfsg1-0.6ubuntu2_armhf.deb ...
Unpacking libdb5.3:armhf (5.3.28+dfsg1-0.6ubuntu2) ...
Selecting previously unselected package libdebconfclient0:armhf.
Preparing to unpack .../libdebconfclient0_0.251ubuntu1_armhf.deb ...
Unpacking libdebconfclient0:armhf (0.251ubuntu1) ...
Selecting previously unselected package libext2fs2:armhf.
Preparing to unpack .../libext2fs2_1.45.5-2ubuntu1_armhf.deb ...
Unpacking libext2fs2:armhf (1.45.5-2ubuntu1) ...
Selecting previously unselected package libfdisk1:armhf.
Preparing to unpack .../libfdisk1_2.34-0.1ubuntu9_armhf.deb ...
Unpacking libfdisk1:armhf (2.34-0.1ubuntu9) ...
Selecting previously unselected package libgcc-s1:armhf.
Preparing to unpack .../libgcc-s1_10-20200411-0ubuntu1_armhf.deb ...
Unpacking libgcc-s1:armhf (10-20200411-0ubuntu1) ...
Selecting previously unselected package libgcrypt20:armhf.
Preparing to unpack .../libgcrypt20_1.8.5-5ubuntu1_armhf.deb ...
Unpacking libgcrypt20:armhf (1.8.5-5ubuntu1) ...
Selecting previously unselected package libgpg-error0:armhf.
Preparing to unpack .../libgpg-error0_1.37-1_armhf.deb ...
Unpacking libgpg-error0:armhf (1.37-1) ...
Selecting previously unselected package liblz4-1:armhf.
Preparing to unpack .../liblz4-1_1.9.2-2_armhf.deb ...
Unpacking liblz4-1:armhf (1.9.2-2) ...
Selecting previously unselected package liblzma5:armhf.
Preparing to unpack .../liblzma5_5.2.4-1_armhf.deb ...
Unpacking liblzma5:armhf (5.2.4-1) ...
Selecting previously unselected package libmount1:armhf.
Preparing to unpack .../libmount1_2.34-0.1ubuntu9_armhf.deb ...
Unpacking libmount1:armhf (2.34-0.1ubuntu9) ...
Selecting previously unselected package libncurses6:armhf.
Preparing to unpack .../libncurses6_6.2-0ubuntu2_armhf.deb ...
Unpacking libncurses6:armhf (6.2-0ubuntu2) ...
Selecting previously unselected package libncursesw6:armhf.
Preparing to unpack .../libncursesw6_6.2-0ubuntu2_armhf.deb ...
Unpacking libncursesw6:armhf (6.2-0ubuntu2) ...
Selecting previously unselected package libpam-modules:armhf.
dpkg: regarding .../libpam-modules_1.3.1-5ubuntu4_armhf.deb containing libpam-modules:armhf, pre-dependency problem:
 libpam-modules pre-depends on libaudit1 (>= 1:2.2.1)
  libaudit1:armhf is unpacked, but has never been configured.

dpkg: warning: ignoring pre-dependency problem!
dpkg: regarding .../libpam-modules_1.3.1-5ubuntu4_armhf.deb containing libpam-modules:armhf, pre-dependency problem:
 libpam-modules pre-depends on libdb5.3
  libdb5.3:armhf is unpacked, but has never been configured.

dpkg: warning: ignoring pre-dependency problem!
dpkg: regarding .../libpam-modules_1.3.1-5ubuntu4_armhf.deb containing libpam-modules:armhf, pre-dependency problem:
 libpam-modules pre-depends on libpam0g (>= 1.3.1)
  libpam0g is not installed.

dpkg: warning: ignoring pre-dependency problem!
dpkg: regarding .../libpam-modules_1.3.1-5ubuntu4_armhf.deb containing libpam-modules:armhf, pre-dependency problem:
 libpam-modules pre-depends on libselinux1 (>= 2.1.9)
  libselinux1 is not installed.

dpkg: warning: ignoring pre-dependency problem!
dpkg: regarding .../libpam-modules_1.3.1-5ubuntu4_armhf.deb containing libpam-modules:armhf, pre-dependency problem:
 libpam-modules pre-depends on debconf (>= 0.5) | debconf-2.0
  debconf is unpacked, but has never been configured.
  debconf provides debconf-2.0 but is unpacked but not configured.

dpkg: warning: ignoring pre-dependency problem!
dpkg: regarding .../libpam-modules_1.3.1-5ubuntu4_armhf.deb containing libpam-modules:armhf, pre-dependency problem:
 libpam-modules pre-depends on libpam-modules-bin (= 1.3.1-5ubuntu4)
  libpam-modules-bin is not installed.

dpkg: warning: ignoring pre-dependency problem!
Preparing to unpack .../libpam-modules_1.3.1-5ubuntu4_armhf.deb ...
Unpacking libpam-modules:armhf (1.3.1-5ubuntu4) ...
Selecting previously unselected package libpam-modules-bin.
Preparing to unpack .../libpam-modules-bin_1.3.1-5ubuntu4_armhf.deb ...
Unpacking libpam-modules-bin (1.3.1-5ubuntu4) ...
Selecting previously unselected package libpam-runtime.
Preparing to unpack .../libpam-runtime_1.3.1-5ubuntu4_all.deb ...
Unpacking libpam-runtime (1.3.1-5ubuntu4) ...
Selecting previously unselected package libpam0g:armhf.
Preparing to unpack .../libpam0g_1.3.1-5ubuntu4_armhf.deb ...
Unpacking libpam0g:armhf (1.3.1-5ubuntu4) ...
Selecting previously unselected package libpcre2-8-0:armhf.
Preparing to unpack .../libpcre2-8-0_10.34-7_armhf.deb ...
Unpacking libpcre2-8-0:armhf (10.34-7) ...
Selecting previously unselected package libpcre3:armhf.
Preparing to unpack .../libpcre3_2%3a8.39-12build1_armhf.deb ...
Unpacking libpcre3:armhf (2:8.39-12build1) ...
Selecting previously unselected package libprocps8:armhf.
Preparing to unpack .../libprocps8_2%3a3.3.16-1ubuntu2_armhf.deb ...
Unpacking libprocps8:armhf (2:3.3.16-1ubuntu2) ...
Selecting previously unselected package libselinux1:armhf.
Preparing to unpack .../libselinux1_3.0-1build2_armhf.deb ...
Unpacking libselinux1:armhf (3.0-1build2) ...
Selecting previously unselected package libsemanage-common.
Preparing to unpack .../libsemanage-common_3.0-1build2_all.deb ...
Unpacking libsemanage-common (3.0-1build2) ...
Selecting previously unselected package libsemanage1:armhf.
Preparing to unpack .../libsemanage1_3.0-1build2_armhf.deb ...
Unpacking libsemanage1:armhf (3.0-1build2) ...
Selecting previously unselected package libsepol1:armhf.
Preparing to unpack .../libsepol1_3.0-1_armhf.deb ...
Unpacking libsepol1:armhf (3.0-1) ...
Selecting previously unselected package libsmartcols1:armhf.
Preparing to unpack .../libsmartcols1_2.34-0.1ubuntu9_armhf.deb ...
Unpacking libsmartcols1:armhf (2.34-0.1ubuntu9) ...
Selecting previously unselected package libss2:armhf.
Preparing to unpack .../libss2_1.45.5-2ubuntu1_armhf.deb ...
Unpacking libss2:armhf (1.45.5-2ubuntu1) ...
Selecting previously unselected package libsystemd0:armhf.
dpkg: regarding .../libsystemd0_245.4-4ubuntu3_armhf.deb containing libsystemd0:armhf, pre-dependency problem:
 libsystemd0 pre-depends on libgcrypt20 (>= 1.8.0)
  libgcrypt20:armhf is unpacked, but has never been configured.

dpkg: warning: ignoring pre-dependency problem!
dpkg: regarding .../libsystemd0_245.4-4ubuntu3_armhf.deb containing libsystemd0:armhf, pre-dependency problem:
 libsystemd0 pre-depends on liblz4-1 (>= 0.0~r122)
  liblz4-1:armhf is unpacked, but has never been configured.

dpkg: warning: ignoring pre-dependency problem!
dpkg: regarding .../libsystemd0_245.4-4ubuntu3_armhf.deb containing libsystemd0:armhf, pre-dependency problem:
 libsystemd0 pre-depends on liblzma5 (>= 5.1.1alpha+20120614)
  liblzma5:armhf is unpacked, but has never been configured.

dpkg: warning: ignoring pre-dependency problem!
Preparing to unpack .../libsystemd0_245.4-4ubuntu3_armhf.deb ...
Unpacking libsystemd0:armhf (245.4-4ubuntu3) ...
Selecting previously unselected package libtinfo6:armhf.
Preparing to unpack .../libtinfo6_6.2-0ubuntu2_armhf.deb ...
Unpacking libtinfo6:armhf (6.2-0ubuntu2) ...
Selecting previously unselected package libudev1:armhf.
Preparing to unpack .../libudev1_245.4-4ubuntu3_armhf.deb ...
Unpacking libudev1:armhf (245.4-4ubuntu3) ...
Selecting previously unselected package libuuid1:armhf.
Preparing to unpack .../libuuid1_2.34-0.1ubuntu9_armhf.deb ...
Unpacking libuuid1:armhf (2.34-0.1ubuntu9) ...
Selecting previously unselected package libzstd1:armhf.
Preparing to unpack .../libzstd1_1.4.4+dfsg-3_armhf.deb ...
Unpacking libzstd1:armhf (1.4.4+dfsg-3) ...
Selecting previously unselected package login.
dpkg: regarding .../login_1%3a4.8.1-1ubuntu5_armhf.deb containing login, pre-dependency problem:
 login pre-depends on libaudit1 (>= 1:2.2.1)
  libaudit1:armhf is unpacked, but has never been configured.

dpkg: warning: ignoring pre-dependency problem!
dpkg: regarding .../login_1%3a4.8.1-1ubuntu5_armhf.deb containing login, pre-dependency problem:
 login pre-depends on libcrypt1 (>= 1:4.1.0)
  libcrypt1:armhf is unpacked, but has never been configured.

dpkg: warning: ignoring pre-dependency problem!
dpkg: regarding .../login_1%3a4.8.1-1ubuntu5_armhf.deb containing login, pre-dependency problem:
 login pre-depends on libpam0g (>= 0.99.7.1)
  libpam0g:armhf is unpacked, but has never been configured.

dpkg: warning: ignoring pre-dependency problem!
dpkg: regarding .../login_1%3a4.8.1-1ubuntu5_armhf.deb containing login, pre-dependency problem:
 login pre-depends on libpam-runtime
  libpam-runtime is unpacked, but has never been configured.

dpkg: warning: ignoring pre-dependency problem!
dpkg: regarding .../login_1%3a4.8.1-1ubuntu5_armhf.deb containing login, pre-dependency problem:
 login pre-depends on libpam-modules (>= 1.1.8-1)
  libpam-modules:armhf is unpacked, but has never been configured.

dpkg: warning: ignoring pre-dependency problem!
Preparing to unpack .../login_1%3a4.8.1-1ubuntu5_armhf.deb ...
Unpacking login (1:4.8.1-1ubuntu5) ...
Selecting previously unselected package logsave.
Preparing to unpack .../logsave_1.45.5-2ubuntu1_armhf.deb ...
Unpacking logsave (1.45.5-2ubuntu1) ...
Selecting previously unselected package lsb-base.
Preparing to unpack .../lsb-base_11.1.0ubuntu2_all.deb ...
Unpacking lsb-base (11.1.0ubuntu2) ...
Preparing to unpack .../mawk_1.3.4.20200120-2_armhf.deb ...
Unpacking mawk (1.3.4.20200120-2) over (1.3.4.20200120-2) ...
Selecting previously unselected package mount.
dpkg: regarding .../mount_2.34-0.1ubuntu9_armhf.deb containing mount, pre-dependency problem:
 mount pre-depends on libblkid1 (>= 2.17.2)
  libblkid1:armhf is unpacked, but has never been configured.

dpkg: warning: ignoring pre-dependency problem!
dpkg: regarding .../mount_2.34-0.1ubuntu9_armhf.deb containing mount, pre-dependency problem:
 mount pre-depends on libmount1 (>= 2.34)
  libmount1:armhf is unpacked, but has never been configured.

dpkg: warning: ignoring pre-dependency problem!
dpkg: regarding .../mount_2.34-0.1ubuntu9_armhf.deb containing mount, pre-dependency problem:
 mount pre-depends on libsmartcols1 (>= 2.33)
  libsmartcols1:armhf is unpacked, but has never been configured.

dpkg: warning: ignoring pre-dependency problem!
Preparing to unpack .../mount_2.34-0.1ubuntu9_armhf.deb ...
Unpacking mount (2.34-0.1ubuntu9) ...
Selecting previously unselected package ncurses-base.
Preparing to unpack .../ncurses-base_6.2-0ubuntu2_all.deb ...
Unpacking ncurses-base (6.2-0ubuntu2) ...
Selecting previously unselected package ncurses-bin.
dpkg: regarding .../ncurses-bin_6.2-0ubuntu2_armhf.deb containing ncurses-bin, pre-dependency problem:
 ncurses-bin pre-depends on libtinfo6 (>= 6.2)
  libtinfo6:armhf is unpacked, but has never been configured.

dpkg: warning: ignoring pre-dependency problem!
Preparing to unpack .../ncurses-bin_6.2-0ubuntu2_armhf.deb ...
Unpacking ncurses-bin (6.2-0ubuntu2) ...
Selecting previously unselected package passwd.
Preparing to unpack .../passwd_1%3a4.8.1-1ubuntu5_armhf.deb ...
Unpacking passwd (1:4.8.1-1ubuntu5) ...
dpkg: regarding .../perl-base_5.30.0-9build1_armhf.deb containing perl-base, pre-dependency problem:
 perl-base pre-depends on libcrypt1 (>= 1:4.1.0)
  libcrypt1:armhf is unpacked, but has never been configured.

dpkg: warning: ignoring pre-dependency problem!
Preparing to unpack .../perl-base_5.30.0-9build1_armhf.deb ...
Unpacking perl-base (5.30.0-9build1) over (5.30.0-9build1) ...
Selecting previously unselected package procps.
Preparing to unpack .../procps_2%3a3.3.16-1ubuntu2_armhf.deb ...
Unpacking procps (2:3.3.16-1ubuntu2) ...
Selecting previously unselected package sed.
dpkg: regarding .../archives/sed_4.7-1_armhf.deb containing sed, pre-dependency problem:
 sed pre-depends on libacl1 (>= 2.2.51-8)
  libacl1:armhf is unpacked, but has never been configured.

dpkg: warning: ignoring pre-dependency problem!
dpkg: regarding .../archives/sed_4.7-1_armhf.deb containing sed, pre-dependency problem:
 sed pre-depends on libselinux1 (>= 1.32)
  libselinux1:armhf is unpacked, but has never been configured.

dpkg: warning: ignoring pre-dependency problem!
Preparing to unpack .../archives/sed_4.7-1_armhf.deb ...
Unpacking sed (4.7-1) ...
Selecting previously unselected package sensible-utils.
Preparing to unpack .../sensible-utils_0.0.12+nmu1_all.deb ...
Unpacking sensible-utils (0.0.12+nmu1) ...
Selecting previously unselected package sysvinit-utils.
Preparing to unpack .../sysvinit-utils_2.96-2.1ubuntu1_armhf.deb ...
Unpacking sysvinit-utils (2.96-2.1ubuntu1) ...
Selecting previously unselected package tar.
dpkg: regarding .../tar_1.30+dfsg-7_armhf.deb containing tar, pre-dependency problem:
 tar pre-depends on libacl1 (>= 2.2.23)
  libacl1:armhf is unpacked, but has never been configured.

dpkg: warning: ignoring pre-dependency problem!
dpkg: regarding .../tar_1.30+dfsg-7_armhf.deb containing tar, pre-dependency problem:
 tar pre-depends on libselinux1 (>= 1.32)
  libselinux1:armhf is unpacked, but has never been configured.

dpkg: warning: ignoring pre-dependency problem!
Preparing to unpack .../tar_1.30+dfsg-7_armhf.deb ...
Unpacking tar (1.30+dfsg-7) ...
Selecting previously unselected package util-linux.
dpkg: regarding .../util-linux_2.34-0.1ubuntu9_armhf.deb containing util-linux, pre-dependency problem:
 util-linux pre-depends on libaudit1 (>= 1:2.2.1)
  libaudit1:armhf is unpacked, but has never been configured.

dpkg: warning: ignoring pre-dependency problem!
dpkg: regarding .../util-linux_2.34-0.1ubuntu9_armhf.deb containing util-linux, pre-dependency problem:
 util-linux pre-depends on libblkid1 (>= 2.31.1)
  libblkid1:armhf is unpacked, but has never been configured.

dpkg: warning: ignoring pre-dependency problem!
dpkg: regarding .../util-linux_2.34-0.1ubuntu9_armhf.deb containing util-linux, pre-dependency problem:
 util-linux pre-depends on libcap-ng0 (>= 0.7.9)
  libcap-ng0:armhf is unpacked, but has never been configured.

dpkg: warning: ignoring pre-dependency problem!
dpkg: regarding .../util-linux_2.34-0.1ubuntu9_armhf.deb containing util-linux, pre-dependency problem:
 util-linux pre-depends on libcrypt1 (>= 1:4.1.0)
  libcrypt1:armhf is unpacked, but has never been configured.

dpkg: warning: ignoring pre-dependency problem!
dpkg: regarding .../util-linux_2.34-0.1ubuntu9_armhf.deb containing util-linux, pre-dependency problem:
 util-linux pre-depends on libmount1 (>= 2.34)
  libmount1:armhf is unpacked, but has never been configured.

dpkg: warning: ignoring pre-dependency problem!
dpkg: regarding .../util-linux_2.34-0.1ubuntu9_armhf.deb containing util-linux, pre-dependency problem:
 util-linux pre-depends on libpam0g (>= 0.99.7.1)
  libpam0g:armhf is unpacked, but has never been configured.

dpkg: warning: ignoring pre-dependency problem!
dpkg: regarding .../util-linux_2.34-0.1ubuntu9_armhf.deb containing util-linux, pre-dependency problem:
 util-linux pre-depends on libselinux1 (>= 2.6-3~)
  libselinux1:armhf is unpacked, but has never been configured.

dpkg: warning: ignoring pre-dependency problem!
dpkg: regarding .../util-linux_2.34-0.1ubuntu9_armhf.deb containing util-linux, pre-dependency problem:
 util-linux pre-depends on libsmartcols1 (>= 2.34)
  libsmartcols1:armhf is unpacked, but has never been configured.

dpkg: warning: ignoring pre-dependency problem!
dpkg: regarding .../util-linux_2.34-0.1ubuntu9_armhf.deb containing util-linux, pre-dependency problem:
 util-linux pre-depends on libsystemd0
  libsystemd0:armhf is unpacked, but has never been configured.

dpkg: warning: ignoring pre-dependency problem!
dpkg: regarding .../util-linux_2.34-0.1ubuntu9_armhf.deb containing util-linux, pre-dependency problem:
 util-linux pre-depends on libtinfo6 (>= 6)
  libtinfo6:armhf is unpacked, but has never been configured.

dpkg: warning: ignoring pre-dependency problem!
dpkg: regarding .../util-linux_2.34-0.1ubuntu9_armhf.deb containing util-linux, pre-dependency problem:
 util-linux pre-depends on libudev1 (>= 183)
  libudev1:armhf is unpacked, but has never been configured.

dpkg: warning: ignoring pre-dependency problem!
dpkg: regarding .../util-linux_2.34-0.1ubuntu9_armhf.deb containing util-linux, pre-dependency problem:
 util-linux pre-depends on libuuid1 (>= 2.16)
  libuuid1:armhf is unpacked, but has never been configured.

dpkg: warning: ignoring pre-dependency problem!
dpkg: regarding .../util-linux_2.34-0.1ubuntu9_armhf.deb containing util-linux, pre-dependency problem:
 util-linux pre-depends on zlib1g (>= 1:1.1.4)
  zlib1g is not installed.

dpkg: warning: ignoring pre-dependency problem!
Preparing to unpack .../util-linux_2.34-0.1ubuntu9_armhf.deb ...
Unpacking util-linux (2.34-0.1ubuntu9) ...
Selecting previously unselected package zlib1g:armhf.
Preparing to unpack .../zlib1g_1%3a1.2.11.dfsg-2ubuntu1_armhf.deb ...
Unpacking zlib1g:armhf (1:1.2.11.dfsg-2ubuntu1) ...
Setting up lsb-base (11.1.0ubuntu2) ...
Setting up libaudit-common (1:2.8.5-2ubuntu6) ...
Setting up libsemanage-common (3.0-1build2) ...
Setting up gcc-10-base:armhf (10-20200411-0ubuntu1) ...
Setting up ncurses-base (6.2-0ubuntu2) ...
Setting up sensible-utils (0.0.12+nmu1) ...
Setting up libcrypt1:armhf (1:4.4.10-10ubuntu4) ...
Setting up libgcc-s1:armhf (10-20200411-0ubuntu1) ...
Setting up libc6:armhf (2.31-0ubuntu9) ...
Setting up libudev1:armhf (245.4-4ubuntu3) ...
Setting up libsepol1:armhf (3.0-1) ...
Setting up libattr1:armhf (1:2.4.48-5) ...
Setting up debianutils (4.9.1) ...
Setting up mawk (1.3.4.20200120-2) ...
Setting up libdebconfclient0:armhf (0.251ubuntu1) ...
Setting up base-files (11ubuntu5) ...
Setting up libbz2-1.0:armhf (1.0.8-2) ...
Setting up base-passwd (3.5.47) ...
Setting up libdb5.3:armhf (5.3.28+dfsg1-0.6ubuntu2) ...
Setting up libblkid1:armhf (2.34-0.1ubuntu9) ...
Setting up libtinfo6:armhf (6.2-0ubuntu2) ...
Setting up bash (5.0-6ubuntu1) ...
update-alternatives: using /usr/share/man/man7/bash-builtins.7.gz to provide /usr/share/man/man7/builtins.7.gz (builtins.7.gz) in auto mode
Setting up libzstd1:armhf (1.4.4+dfsg-3) ...
Setting up liblzma5:armhf (5.2.4-1) ...
Setting up libgpg-error0:armhf (1.37-1) ...
Setting up liblz4-1:armhf (1.9.2-2) ...
Setting up libc-bin (2.31-0ubuntu9) ...
Setting up ncurses-bin (6.2-0ubuntu2) ...
Setting up libacl1:armhf (2.2.53-6) ...
Setting up libsmartcols1:armhf (2.34-0.1ubuntu9) ...
Setting up libgcrypt20:armhf (1.8.5-5ubuntu1) ...
Setting up zlib1g:armhf (1:1.2.11.dfsg-2ubuntu1) ...
Setting up libcom-err2:armhf (1.45.5-2ubuntu1) ...
Setting up diffutils (1:3.7-3) ...
Setting up libsystemd0:armhf (245.4-4ubuntu3) ...
Setting up hostname (3.23) ...
Setting up libpcre3:armhf (2:8.39-12build1) ...
Setting up libcap-ng0:armhf (0.7.9-2.1build1) ...
Setting up libext2fs2:armhf (1.45.5-2ubuntu1) ...
Setting up libncurses6:armhf (6.2-0ubuntu2) ...
Setting up libaudit1:armhf (1:2.8.5-2ubuntu6) ...
Setting up libuuid1:armhf (2.34-0.1ubuntu9) ...
Setting up libss2:armhf (1.45.5-2ubuntu1) ...
Setting up libpcre2-8-0:armhf (10.34-7) ...
Setting up libncursesw6:armhf (6.2-0ubuntu2) ...
Setting up logsave (1.45.5-2ubuntu1) ...
Setting up libfdisk1:armhf (2.34-0.1ubuntu9) ...
Setting up libprocps8:armhf (2:3.3.16-1ubuntu2) ...
Setting up bsdutils (1:2.34-0.1ubuntu9) ...
Setting up e2fsprogs (1.45.5-2ubuntu1) ...
Setting up libselinux1:armhf (3.0-1build2) ...
Setting up sed (4.7-1) ...
Setting up findutils (4.7.0-1ubuntu1) ...
Setting up libmount1:armhf (2.34-0.1ubuntu9) ...
Setting up libsemanage1:armhf (3.0-1build2) ...
Setting up tar (1.30+dfsg-7) ...
update-alternatives: using /usr/sbin/rmt-tar to provide /usr/sbin/rmt (rmt) in auto mode
Setting up coreutils (8.30-3ubuntu2) ...
Setting up fdisk (2.34-0.1ubuntu9) ...
Setting up dpkg (1.19.7ubuntu3) ...
Setting up grep (3.4-1) ...
Setting up perl-base (5.30.0-9build1) ...
Setting up init-system-helpers (1.57) ...
Setting up gzip (1.10-0ubuntu4) ...
Setting up procps (2:3.3.16-1ubuntu2) ...
update-alternatives: using /usr/bin/w.procps to provide /usr/bin/w (w) in auto mode
Setting up debconf (1.5.73) ...
Setting up libpam0g:armhf (1.3.1-5ubuntu4) ...
Setting up dash (0.5.10.2-6) ...
No diversion 'diversion of /bin/sh by bash', none removed.
Adding 'diversion of /bin/sh to /bin/sh.distrib by dash'
No diversion 'diversion of /usr/share/man/man1/sh.1.gz by bash', none removed.
Adding 'diversion of /usr/share/man/man1/sh.1.gz to /usr/share/man/man1/sh.distrib.1.gz by dash'
Setting up libpam-modules-bin (1.3.1-5ubuntu4) ...
Setting up libpam-modules:armhf (1.3.1-5ubuntu4) ...
Setting up passwd (1:4.8.1-1ubuntu5) ...
Shadow passwords are now on.
Setting up libpam-runtime (1.3.1-5ubuntu4) ...
Setting up login (1:4.8.1-1ubuntu5) ...
Setting up util-linux (2.34-0.1ubuntu9) ...
update-alternatives: using /bin/more to provide /usr/bin/pager (pager) in auto mode
Setting up mount (2.34-0.1ubuntu9) ...
Setting up sysvinit-utils (2.96-2.1ubuntu1) ...
Processing triggers for libc-bin (2.31-0ubuntu9) ...
(Reading database ... 3605 files and directories currently installed.)
Preparing to unpack .../adduser_3.118ubuntu2_all.deb ...
Unpacking adduser (3.118ubuntu2) ...
Preparing to unpack .../archives/apt_2.0.2_armhf.deb ...
Unpacking apt (2.0.2) ...
Preparing to unpack .../bzip2_1.0.8-2_armhf.deb ...
Unpacking bzip2 (1.0.8-2) ...
Preparing to unpack .../gpgv_2.2.19-3ubuntu2_armhf.deb ...
Unpacking gpgv (2.2.19-3ubuntu2) ...
Preparing to unpack .../libapt-pkg6.0_2.0.2_armhf.deb ...
Unpacking libapt-pkg6.0:armhf (2.0.2) ...
Preparing to unpack .../libffi7_3.3-4_armhf.deb ...
Unpacking libffi7:armhf (3.3-4) ...
Preparing to unpack .../libgmp10_2%3a6.2.0+dfsg-4_armhf.deb ...
Unpacking libgmp10:armhf (2:6.2.0+dfsg-4) ...
Preparing to unpack .../libgnutls30_3.6.13-2ubuntu1_armhf.deb ...
Unpacking libgnutls30:armhf (3.6.13-2ubuntu1) ...
Preparing to unpack .../libhogweed5_3.5.1+really3.5.1-2_armhf.deb ...
Unpacking libhogweed5:armhf (3.5.1+really3.5.1-2) ...
Preparing to unpack .../libidn2-0_2.2.0-2_armhf.deb ...
Unpacking libidn2-0:armhf (2.2.0-2) ...
Preparing to unpack .../libnettle7_3.5.1+really3.5.1-2_armhf.deb ...
Unpacking libnettle7:armhf (3.5.1+really3.5.1-2) ...
Preparing to unpack .../libp11-kit0_0.23.20-1build1_armhf.deb ...
Unpacking libp11-kit0:armhf (0.23.20-1build1) ...
Preparing to unpack .../libseccomp2_2.4.3-1ubuntu1_armhf.deb ...
Unpacking libseccomp2:armhf (2.4.3-1ubuntu1) ...
Preparing to unpack .../libstdc++6_10-20200411-0ubuntu1_armhf.deb ...
Unpacking libstdc++6:armhf (10-20200411-0ubuntu1) ...
Preparing to unpack .../libtasn1-6_4.16.0-2_armhf.deb ...
Unpacking libtasn1-6:armhf (4.16.0-2) ...
Preparing to unpack .../libunistring2_0.9.10-2_armhf.deb ...
Unpacking libunistring2:armhf (0.9.10-2) ...
Preparing to unpack .../ubuntu-keyring_2020.02.11.2_all.deb ...
Unpacking ubuntu-keyring (2020.02.11.2) ...
Processing triggers for libc-bin (2.31-0ubuntu9) ...
Setting up adduser (3.118ubuntu2) ...
Setting up libffi7:armhf (3.3-4) ...
Setting up libunistring2:armhf (0.9.10-2) ...
Setting up libidn2-0:armhf (2.2.0-2) ...
Setting up bzip2 (1.0.8-2) ...
Setting up ubuntu-keyring (2020.02.11.2) ...
Setting up libseccomp2:armhf (2.4.3-1ubuntu1) ...
Setting up libgmp10:armhf (2:6.2.0+dfsg-4) ...
Setting up libp11-kit0:armhf (0.23.20-1build1) ...
Setting up libnettle7:armhf (3.5.1+really3.5.1-2) ...
Setting up gpgv (2.2.19-3ubuntu2) ...
Setting up libtasn1-6:armhf (4.16.0-2) ...
Setting up libstdc++6:armhf (10-20200411-0ubuntu1) ...
Setting up libhogweed5:armhf (3.5.1+really3.5.1-2) ...
Setting up libgnutls30:armhf (3.6.13-2ubuntu1) ...
Setting up libapt-pkg6.0:armhf (2.0.2) ...
Setting up apt (2.0.2) ...
Processing triggers for libc-bin (2.31-0ubuntu9) ...
